The system is: CYGWIN - 2.10.0(0.325/5/3) - x86_64
Compiling the C compiler identification source file "CMakeCCompilerId.c" succeeded.
Compiler: E:/Clion/Cygwin/bin/gcc.exe 
Build flags: 
Id flags:  

The output was:
0


Compilation of the C compiler identification source "CMakeCCompilerId.c" produced "a.exe"

The C compiler identification is GNU, found in "/cygdrive/e/Clion/ecs/cmake-build-debug/CMakeFiles/3.9.6/CompilerIdC/a.exe"

Compiling the CXX compiler identification source file "CMakeCXXCompilerId.cpp" succeeded.
Compiler: E:/Clion/Cygwin/bin/c++.exe 
Build flags: 
Id flags:  

The output was:
0


Compilation of the CXX compiler identification source "CMakeCXXCompilerId.cpp" produced "a.exe"

The CXX compiler identification is GNU, found in "/cygdrive/e/Clion/ecs/cmake-build-debug/CMakeFiles/3.9.6/CompilerIdCXX/a.exe"

Determining if the C compiler works passed with the following output:
Change Dir: /cygdrive/e/Clion/ecs/cmake-build-debug/CMakeFiles/CMakeTmp

Run Build Command:"E:/Clion/Cygwin/bin/make.exe" "cmTC_eaec9/fast"
E:/Clion/Cygwin/bin/make -f CMakeFiles/cmTC_eaec9.dir/build.make CMakeFiles/cmTC_eaec9.dir/build
make[1]: Entering directory '/cygdrive/e/Clion/ecs/cmake-build-debug/CMakeFiles/CMakeTmp'
Building C object CMakeFiles/cmTC_eaec9.dir/testCCompiler.c.o
E:/Clion/Cygwin/bin/gcc.exe    -o CMakeFiles/cmTC_eaec9.dir/testCCompiler.c.o   -c /cygdrive/e/Clion/ecs/cmake-build-debug/CMakeFiles/CMakeTmp/testCCompiler.c
Linking C executable cmTC_eaec9.exe
"/cygdrive/c/Users/zhongwen XU/.CLion2017.3/system/cygwin_cmake/bin/cmake.exe" -E cmake_link_script CMakeFiles/cmTC_eaec9.dir/link.txt --verbose=1
E:/Clion/Cygwin/bin/gcc.exe    -Wl,--enable-auto-import  CMakeFiles/cmTC_eaec9.dir/testCCompiler.c.o  -o cmTC_eaec9.exe -Wl,--out-implib,libcmTC_eaec9.dll.a -Wl,--major-image-version,0,--minor-image-version,0 
make[1]: Leaving directory '/cygdrive/e/Clion/ecs/cmake-build-debug/CMakeFiles/CMakeTmp'


Detecting C compiler ABI info compiled with the following output:
Change Dir: /cygdrive/e/Clion/ecs/cmake-build-debug/CMakeFiles/CMakeTmp

Run Build Command:"E:/Clion/Cygwin/bin/make.exe" "cmTC_d9457/fast"
E:/Clion/Cygwin/bin/make -f CMakeFiles/cmTC_d9457.dir/build.make CMakeFiles/cmTC_d9457.dir/build
make[1]: Entering directory '/cygdrive/e/Clion/ecs/cmake-build-debug/CMakeFiles/CMakeTmp'
Building C object CMakeFiles/cmTC_d9457.dir/CMakeCCompilerABI.c.o
E:/Clion/Cygwin/bin/gcc.exe    -o CMakeFiles/cmTC_d9457.dir/CMakeCCompilerABI.c.o   -c "/cygdrive/c/Users/zhongwen XU/.CLion2017.3/system/cygwin_cmake/share/cmake-3.9.6/Modules/CMakeCCompilerABI.c"
Linking C executable cmTC_d9457.exe
"/cygdrive/c/Users/zhongwen XU/.CLion2017.3/system/cygwin_cmake/bin/cmake.exe" -E cmake_link_script CMakeFiles/cmTC_d9457.dir/link.txt --verbose=1
E:/Clion/Cygwin/bin/gcc.exe    -Wl,--enable-auto-import -v CMakeFiles/cmTC_d9457.dir/CMakeCCompilerABI.c.o  -o cmTC_d9457.exe -Wl,--out-implib,libcmTC_d9457.dll.a -Wl,--major-image-version,0,--minor-image-version,0 
Using built-in specs.
COLLECT_GCC=E:/Clion/Cygwin/bin/gcc
COLLECT_LTO_WRAPPER=/usr/lib/gcc/x86_64-pc-cygwin/6.4.0/lto-wrapper.exe
Target: x86_64-pc-cygwin
Configured with: /cygdrive/i/szsz/tmpp/gcc/gcc-6.4.0-5.x86_64/src/gcc-6.4.0/configure --srcdir=/cygdrive/i/szsz/tmpp/gcc/gcc-6.4.0-5.x86_64/src/gcc-6.4.0 --prefix=/usr --exec-prefix=/usr --localstatedir=/var --sysconfdir=/etc --docdir=/usr/share/doc/gcc --htmldir=/usr/share/doc/gcc/html -C --build=x86_64-pc-cygwin --host=x86_64-pc-cygwin --target=x86_64-pc-cygwin --without-libiconv-prefix --without-libintl-prefix --libexecdir=/usr/lib --enable-shared --enable-shared-libgcc --enable-static --enable-version-specific-runtime-libs --enable-bootstrap --enable-__cxa_atexit --with-dwarf2 --with-tune=generic --enable-languages=ada,c,c++,fortran,lto,objc,obj-c++ --enable-graphite --enable-threads=posix --enable-libatomic --enable-libcilkrts --enable-libgomp --enable-libitm --enable-libquadmath --enable-libquadmath-support --disable-libssp --enable-libada --disable-symvers --with-gnu-ld --with-gnu-as --with-cloog-include=/usr/include/cloog-isl --without-libiconv-prefix --without-libintl-prefix --with-system-zlib --enable-linker-build-id --with-default-libstdcxx-abi=gcc4-compatible
Thread model: posix
gcc version 6.4.0 (GCC) 
COMPILER_PATH=/usr/lib/gcc/x86_64-pc-cygwin/6.4.0/:/usr/lib/gcc/x86_64-pc-cygwin/6.4.0/:/usr/lib/gcc/x86_64-pc-cygwin/:/usr/lib/gcc/x86_64-pc-cygwin/6.4.0/:/usr/lib/gcc/x86_64-pc-cygwin/:/usr/lib/gcc/x86_64-pc-cygwin/6.4.0/../../../../x86_64-pc-cygwin/bin/
LIBRARY_PATH=/usr/lib/gcc/x86_64-pc-cygwin/6.4.0/:/usr/lib/gcc/x86_64-pc-cygwin/6.4.0/../../../../x86_64-pc-cygwin/lib/../lib/:/usr/lib/gcc/x86_64-pc-cygwin/6.4.0/../../../../lib/:/lib/../lib/:/usr/lib/../lib/:/usr/lib/gcc/x86_64-pc-cygwin/6.4.0/../../../../x86_64-pc-cygwin/lib/:/usr/lib/gcc/x86_64-pc-cygwin/6.4.0/../../../:/lib/:/usr/lib/
COLLECT_GCC_OPTIONS='-v' '-o' 'cmTC_d9457.exe' '-mtune=generic' '-march=x86-64'
 /usr/lib/gcc/x86_64-pc-cygwin/6.4.0/collect2.exe -plugin /usr/lib/gcc/x86_64-pc-cygwin/6.4.0/cyglto_plugin.dll -plugin-opt=/usr/lib/gcc/x86_64-pc-cygwin/6.4.0/lto-wrapper.exe -plugin-opt=-fresolution=/tmp/ccQAsw58.res -plugin-opt=-pass-through=-lgcc_s -plugin-opt=-pass-through=-lgcc -plugin-opt=-pass-through=-lcygwin -plugin-opt=-pass-through=-ladvapi32 -plugin-opt=-pass-through=-lshell32 -plugin-opt=-pass-through=-luser32 -plugin-opt=-pass-through=-lkernel32 -plugin-opt=-pass-through=-lgcc_s -plugin-opt=-pass-through=-lgcc --build-id -m i386pep --wrap _Znwm --wrap _Znam --wrap _ZdlPv --wrap _ZdaPv --wrap _ZnwmRKSt9nothrow_t --wrap _ZnamRKSt9nothrow_t --wrap _ZdlPvRKSt9nothrow_t --wrap _ZdaPvRKSt9nothrow_t -Bdynamic --dll-search-prefix=cyg --tsaware -o cmTC_d9457.exe /usr/lib/gcc/x86_64-pc-cygwin/6.4.0/../../../../lib/crt0.o /usr/lib/gcc/x86_64-pc-cygwin/6.4.0/crtbegin.o -L/usr/lib/gcc/x86_64-pc-cygwin/6.4.0 -L/usr/lib/gcc/x86_64-pc-cygwin/6.4.0/../../../../x86_64-pc-cygwin/lib/../lib -L/usr/lib/gcc/x86_64-pc-cygwin/6.4.0/../../../../lib -L/lib/../lib -L/usr/lib/../lib -L/usr/lib/gcc/x86_64-pc-cygwin/6.4.0/../../../../x86_64-pc-cygwin/lib -L/usr/lib/gcc/x86_64-pc-cygwin/6.4.0/../../.. --enable-auto-import CMakeFiles/cmTC_d9457.dir/CMakeCCompilerABI.c.o --out-implib libcmTC_d9457.dll.a --major-image-version 0 --minor-image-version 0 -lgcc_s -lgcc -lcygwin -ladvapi32 -lshell32 -luser32 -lkernel32 -lgcc_s -lgcc /usr/lib/gcc/x86_64-pc-cygwin/6.4.0/../../../../lib/default-manifest.o /usr/lib/gcc/x86_64-pc-cygwin/6.4.0/crtend.o
COLLECT_GCC_OPTIONS='-v' '-o' 'cmTC_d9457.exe' '-mtune=generic' '-march=x86-64'
make[1]: Leaving directory '/cygdrive/e/Clion/ecs/cmake-build-debug/CMakeFiles/CMakeTmp'


Parsed C implicit link information from above output:
  link line regex: [^( *|.*[/\])(ld\.exe|CMAKE_LINK_STARTFILE-NOTFOUND|([^/\]+-)?ld|collect2)[^/\]*( |$)]
  ignore line: [Change Dir: /cygdrive/e/Clion/ecs/cmake-build-debug/CMakeFiles/CMakeTmp]
  ignore line: []
  ignore line: [Run Build Command:"E:/Clion/Cygwin/bin/make.exe" "cmTC_d9457/fast"]
  ignore line: [E:/Clion/Cygwin/bin/make -f CMakeFiles/cmTC_d9457.dir/build.make CMakeFiles/cmTC_d9457.dir/build]
  ignore line: [make[1]: Entering directory '/cygdrive/e/Clion/ecs/cmake-build-debug/CMakeFiles/CMakeTmp']
  ignore line: [Building C object CMakeFiles/cmTC_d9457.dir/CMakeCCompilerABI.c.o]
  ignore line: [E:/Clion/Cygwin/bin/gcc.exe    -o CMakeFiles/cmTC_d9457.dir/CMakeCCompilerABI.c.o   -c "/cygdrive/c/Users/zhongwen XU/.CLion2017.3/system/cygwin_cmake/share/cmake-3.9.6/Modules/CMakeCCompilerABI.c"]
  ignore line: [Linking C executable cmTC_d9457.exe]
  ignore line: ["/cygdrive/c/Users/zhongwen XU/.CLion2017.3/system/cygwin_cmake/bin/cmake.exe" -E cmake_link_script CMakeFiles/cmTC_d9457.dir/link.txt --verbose=1]
  ignore line: [E:/Clion/Cygwin/bin/gcc.exe    -Wl,--enable-auto-import -v CMakeFiles/cmTC_d9457.dir/CMakeCCompilerABI.c.o  -o cmTC_d9457.exe -Wl,--out-implib,libcmTC_d9457.dll.a -Wl,--major-image-version,0,--minor-image-version,0 ]
  ignore line: [Using built-in specs.]
  ignore line: [COLLECT_GCC=E:/Clion/Cygwin/bin/gcc]
  ignore line: [COLLECT_LTO_WRAPPER=/usr/lib/gcc/x86_64-pc-cygwin/6.4.0/lto-wrapper.exe]
  ignore line: [Target: x86_64-pc-cygwin]
  ignore line: [Configured with: /cygdrive/i/szsz/tmpp/gcc/gcc-6.4.0-5.x86_64/src/gcc-6.4.0/configure --srcdir=/cygdrive/i/szsz/tmpp/gcc/gcc-6.4.0-5.x86_64/src/gcc-6.4.0 --prefix=/usr --exec-prefix=/usr --localstatedir=/var --sysconfdir=/etc --docdir=/usr/share/doc/gcc --htmldir=/usr/share/doc/gcc/html -C --build=x86_64-pc-cygwin --host=x86_64-pc-cygwin --target=x86_64-pc-cygwin --without-libiconv-prefix --without-libintl-prefix --libexecdir=/usr/lib --enable-shared --enable-shared-libgcc --enable-static --enable-version-specific-runtime-libs --enable-bootstrap --enable-__cxa_atexit --with-dwarf2 --with-tune=generic --enable-languages=ada,c,c++,fortran,lto,objc,obj-c++ --enable-graphite --enable-threads=posix --enable-libatomic --enable-libcilkrts --enable-libgomp --enable-libitm --enable-libquadmath --enable-libquadmath-support --disable-libssp --enable-libada --disable-symvers --with-gnu-ld --with-gnu-as --with-cloog-include=/usr/include/cloog-isl --without-libiconv-prefix --without-libintl-prefix --with-system-zlib --enable-linker-build-id --with-default-libstdcxx-abi=gcc4-compatible]
  ignore line: [Thread model: posix]
  ignore line: [gcc version 6.4.0 (GCC) ]
  ignore line: [COMPILER_PATH=/usr/lib/gcc/x86_64-pc-cygwin/6.4.0/:/usr/lib/gcc/x86_64-pc-cygwin/6.4.0/:/usr/lib/gcc/x86_64-pc-cygwin/:/usr/lib/gcc/x86_64-pc-cygwin/6.4.0/:/usr/lib/gcc/x86_64-pc-cygwin/:/usr/lib/gcc/x86_64-pc-cygwin/6.4.0/../../../../x86_64-pc-cygwin/bin/]
  ignore line: [LIBRARY_PATH=/usr/lib/gcc/x86_64-pc-cygwin/6.4.0/:/usr/lib/gcc/x86_64-pc-cygwin/6.4.0/../../../../x86_64-pc-cygwin/lib/../lib/:/usr/lib/gcc/x86_64-pc-cygwin/6.4.0/../../../../lib/:/lib/../lib/:/usr/lib/../lib/:/usr/lib/gcc/x86_64-pc-cygwin/6.4.0/../../../../x86_64-pc-cygwin/lib/:/usr/lib/gcc/x86_64-pc-cygwin/6.4.0/../../../:/lib/:/usr/lib/]
  ignore line: [COLLECT_GCC_OPTIONS='-v' '-o' 'cmTC_d9457.exe' '-mtune=generic' '-march=x86-64']
  link line: [ /usr/lib/gcc/x86_64-pc-cygwin/6.4.0/collect2.exe -plugin /usr/lib/gcc/x86_64-pc-cygwin/6.4.0/cyglto_plugin.dll -plugin-opt=/usr/lib/gcc/x86_64-pc-cygwin/6.4.0/lto-wrapper.exe -plugin-opt=-fresolution=/tmp/ccQAsw58.res -plugin-opt=-pass-through=-lgcc_s -plugin-opt=-pass-through=-lgcc -plugin-opt=-pass-through=-lcygwin -plugin-opt=-pass-through=-ladvapi32 -plugin-opt=-pass-through=-lshell32 -plugin-opt=-pass-through=-luser32 -plugin-opt=-pass-through=-lkernel32 -plugin-opt=-pass-through=-lgcc_s -plugin-opt=-pass-through=-lgcc --build-id -m i386pep --wrap _Znwm --wrap _Znam --wrap _ZdlPv --wrap _ZdaPv --wrap _ZnwmRKSt9nothrow_t --wrap _ZnamRKSt9nothrow_t --wrap _ZdlPvRKSt9nothrow_t --wrap _ZdaPvRKSt9nothrow_t -Bdynamic --dll-search-prefix=cyg --tsaware -o cmTC_d9457.exe /usr/lib/gcc/x86_64-pc-cygwin/6.4.0/../../../../lib/crt0.o /usr/lib/gcc/x86_64-pc-cygwin/6.4.0/crtbegin.o -L/usr/lib/gcc/x86_64-pc-cygwin/6.4.0 -L/usr/lib/gcc/x86_64-pc-cygwin/6.4.0/../../../../x86_64-pc-cygwin/lib/../lib -L/usr/lib/gcc/x86_64-pc-cygwin/6.4.0/../../../../lib -L/lib/../lib -L/usr/lib/../lib -L/usr/lib/gcc/x86_64-pc-cygwin/6.4.0/../../../../x86_64-pc-cygwin/lib -L/usr/lib/gcc/x86_64-pc-cygwin/6.4.0/../../.. --enable-auto-import CMakeFiles/cmTC_d9457.dir/CMakeCCompilerABI.c.o --out-implib libcmTC_d9457.dll.a --major-image-version 0 --minor-image-version 0 -lgcc_s -lgcc -lcygwin -ladvapi32 -lshell32 -luser32 -lkernel32 -lgcc_s -lgcc /usr/lib/gcc/x86_64-pc-cygwin/6.4.0/../../../../lib/default-manifest.o /usr/lib/gcc/x86_64-pc-cygwin/6.4.0/crtend.o]
    arg [/usr/lib/gcc/x86_64-pc-cygwin/6.4.0/collect2.exe] ==> ignore
    arg [-plugin] ==> ignore
    arg [/usr/lib/gcc/x86_64-pc-cygwin/6.4.0/cyglto_plugin.dll] ==> ignore
    arg [-plugin-opt=/usr/lib/gcc/x86_64-pc-cygwin/6.4.0/lto-wrapper.exe] ==> ignore
    arg [-plugin-opt=-fresolution=/tmp/ccQAsw58.res] ==> ignore
    arg [-plugin-opt=-pass-through=-lgcc_s] ==> ignore
    arg [-plugin-opt=-pass-through=-lgcc] ==> ignore
    arg [-plugin-opt=-pass-through=-lcygwin] ==> ignore
    arg [-plugin-opt=-pass-through=-ladvapi32] ==> ignore
    arg [-plugin-opt=-pass-through=-lshell32] ==> ignore
    arg [-plugin-opt=-pass-through=-luser32] ==> ignore
    arg [-plugin-opt=-pass-through=-lkernel32] ==> ignore
    arg [-plugin-opt=-pass-through=-lgcc_s] ==> ignore
    arg [-plugin-opt=-pass-through=-lgcc] ==> ignore
    arg [--build-id] ==> ignore
    arg [-m] ==> ignore
    arg [i386pep] ==> ignore
    arg [--wrap] ==> ignore
    arg [_Znwm] ==> ignore
    arg [--wrap] ==> ignore
    arg [_Znam] ==> ignore
    arg [--wrap] ==> ignore
    arg [_ZdlPv] ==> ignore
    arg [--wrap] ==> ignore
    arg [_ZdaPv] ==> ignore
    arg [--wrap] ==> ignore
    arg [_ZnwmRKSt9nothrow_t] ==> ignore
    arg [--wrap] ==> ignore
    arg [_ZnamRKSt9nothrow_t] ==> ignore
    arg [--wrap] ==> ignore
    arg [_ZdlPvRKSt9nothrow_t] ==> ignore
    arg [--wrap] ==> ignore
    arg [_ZdaPvRKSt9nothrow_t] ==> ignore
    arg [-Bdynamic] ==> ignore
    arg [--dll-search-prefix=cyg] ==> ignore
    arg [--tsaware] ==> ignore
    arg [-o] ==> ignore
    arg [cmTC_d9457.exe] ==> ignore
    arg [/usr/lib/gcc/x86_64-pc-cygwin/6.4.0/../../../../lib/crt0.o] ==> ignore
    arg [/usr/lib/gcc/x86_64-pc-cygwin/6.4.0/crtbegin.o] ==> ignore
    arg [-L/usr/lib/gcc/x86_64-pc-cygwin/6.4.0] ==> dir [/usr/lib/gcc/x86_64-pc-cygwin/6.4.0]
    arg [-L/usr/lib/gcc/x86_64-pc-cygwin/6.4.0/../../../../x86_64-pc-cygwin/lib/../lib] ==> dir [/usr/lib/gcc/x86_64-pc-cygwin/6.4.0/../../../../x86_64-pc-cygwin/lib/../lib]
    arg [-L/usr/lib/gcc/x86_64-pc-cygwin/6.4.0/../../../../lib] ==> dir [/usr/lib/gcc/x86_64-pc-cygwin/6.4.0/../../../../lib]
    arg [-L/lib/../lib] ==> dir [/lib/../lib]
    arg [-L/usr/lib/../lib] ==> dir [/usr/lib/../lib]
    arg [-L/usr/lib/gcc/x86_64-pc-cygwin/6.4.0/../../../../x86_64-pc-cygwin/lib] ==> dir [/usr/lib/gcc/x86_64-pc-cygwin/6.4.0/../../../../x86_64-pc-cygwin/lib]
    arg [-L/usr/lib/gcc/x86_64-pc-cygwin/6.4.0/../../..] ==> dir [/usr/lib/gcc/x86_64-pc-cygwin/6.4.0/../../..]
    arg [--enable-auto-import] ==> ignore
    arg [CMakeFiles/cmTC_d9457.dir/CMakeCCompilerABI.c.o] ==> ignore
    arg [--out-implib] ==> ignore
    arg [libcmTC_d9457.dll.a] ==> ignore
    arg [--major-image-version] ==> ignore
    arg [0] ==> ignore
    arg [--minor-image-version] ==> ignore
    arg [0] ==> ignore
    arg [-lgcc_s] ==> lib [gcc_s]
    arg [-lgcc] ==> lib [gcc]
    arg [-lcygwin] ==> lib [cygwin]
    arg [-ladvapi32] ==> lib [advapi32]
    arg [-lshell32] ==> lib [shell32]
    arg [-luser32] ==> lib [user32]
    arg [-lkernel32] ==> lib [kernel32]
    arg [-lgcc_s] ==> lib [gcc_s]
    arg [-lgcc] ==> lib [gcc]
    arg [/usr/lib/gcc/x86_64-pc-cygwin/6.4.0/../../../../lib/default-manifest.o] ==> ignore
    arg [/usr/lib/gcc/x86_64-pc-cygwin/6.4.0/crtend.o] ==> ignore
  collapse library dir [/usr/lib/gcc/x86_64-pc-cygwin/6.4.0] ==> [/usr/lib/gcc/x86_64-pc-cygwin/6.4.0]
  collapse library dir [/usr/lib/gcc/x86_64-pc-cygwin/6.4.0/../../../../x86_64-pc-cygwin/lib/../lib] ==> [/usr/x86_64-pc-cygwin/lib]
  collapse library dir [/usr/lib/gcc/x86_64-pc-cygwin/6.4.0/../../../../lib] ==> [/usr/lib]
  collapse library dir [/lib/../lib] ==> [/lib]
  collapse library dir [/usr/lib/../lib] ==> [/usr/lib]
  collapse library dir [/usr/lib/gcc/x86_64-pc-cygwin/6.4.0/../../../../x86_64-pc-cygwin/lib] ==> [/usr/x86_64-pc-cygwin/lib]
  collapse library dir [/usr/lib/gcc/x86_64-pc-cygwin/6.4.0/../../..] ==> [/usr/lib]
  implicit libs: [gcc_s;gcc;cygwin;advapi32;shell32;user32;kernel32;gcc_s;gcc]
  implicit dirs: [/usr/lib/gcc/x86_64-pc-cygwin/6.4.0;/usr/x86_64-pc-cygwin/lib;/usr/lib;/lib]
  implicit fwks: []




Detecting C [-std=c11] compiler features compiled with the following output:
Change Dir: /cygdrive/e/Clion/ecs/cmake-build-debug/CMakeFiles/CMakeTmp

Run Build Command:"E:/Clion/Cygwin/bin/make.exe" "cmTC_0d7d1/fast"
E:/Clion/Cygwin/bin/make -f CMakeFiles/cmTC_0d7d1.dir/build.make CMakeFiles/cmTC_0d7d1.dir/build
make[1]: Entering directory '/cygdrive/e/Clion/ecs/cmake-build-debug/CMakeFiles/CMakeTmp'
Building C object CMakeFiles/cmTC_0d7d1.dir/feature_tests.c.o
E:/Clion/Cygwin/bin/gcc.exe   -std=c11 -o CMakeFiles/cmTC_0d7d1.dir/feature_tests.c.o   -c /cygdrive/e/Clion/ecs/cmake-build-debug/CMakeFiles/feature_tests.c
Linking C executable cmTC_0d7d1.exe
"/cygdrive/c/Users/zhongwen XU/.CLion2017.3/system/cygwin_cmake/bin/cmake.exe" -E cmake_link_script CMakeFiles/cmTC_0d7d1.dir/link.txt --verbose=1
E:/Clion/Cygwin/bin/gcc.exe    -Wl,--enable-auto-import  CMakeFiles/cmTC_0d7d1.dir/feature_tests.c.o  -o cmTC_0d7d1.exe -Wl,--out-implib,libcmTC_0d7d1.dll.a -Wl,--major-image-version,0,--minor-image-version,0 
make[1]: Leaving directory '/cygdrive/e/Clion/ecs/cmake-build-debug/CMakeFiles/CMakeTmp'


    Feature record: C_FEATURE:1c_function_prototypes
    Feature record: C_FEATURE:1c_restrict
    Feature record: C_FEATURE:1c_static_assert
    Feature record: C_FEATURE:1c_variadic_macros


Detecting C [-std=c99] compiler features compiled with the following output:
Change Dir: /cygdrive/e/Clion/ecs/cmake-build-debug/CMakeFiles/CMakeTmp

Run Build Command:"E:/Clion/Cygwin/bin/make.exe" "cmTC_c2e86/fast"
E:/Clion/Cygwin/bin/make -f CMakeFiles/cmTC_c2e86.dir/build.make CMakeFiles/cmTC_c2e86.dir/build
make[1]: Entering directory '/cygdrive/e/Clion/ecs/cmake-build-debug/CMakeFiles/CMakeTmp'
Building C object CMakeFiles/cmTC_c2e86.dir/feature_tests.c.o
E:/Clion/Cygwin/bin/gcc.exe   -std=c99 -o CMakeFiles/cmTC_c2e86.dir/feature_tests.c.o   -c /cygdrive/e/Clion/ecs/cmake-build-debug/CMakeFiles/feature_tests.c
Linking C executable cmTC_c2e86.exe
"/cygdrive/c/Users/zhongwen XU/.CLion2017.3/system/cygwin_cmake/bin/cmake.exe" -E cmake_link_script CMakeFiles/cmTC_c2e86.dir/link.txt --verbose=1
E:/Clion/Cygwin/bin/gcc.exe    -Wl,--enable-auto-import  CMakeFiles/cmTC_c2e86.dir/feature_tests.c.o  -o cmTC_c2e86.exe -Wl,--out-implib,libcmTC_c2e86.dll.a -Wl,--major-image-version,0,--minor-image-version,0 
make[1]: Leaving directory '/cygdrive/e/Clion/ecs/cmake-build-debug/CMakeFiles/CMakeTmp'


    Feature record: C_FEATURE:1c_function_prototypes
    Feature record: C_FEATURE:1c_restrict
    Feature record: C_FEATURE:0c_static_assert
    Feature record: C_FEATURE:1c_variadic_macros


Detecting C [-std=c90] compiler features compiled with the following output:
Change Dir: /cygdrive/e/Clion/ecs/cmake-build-debug/CMakeFiles/CMakeTmp

Run Build Command:"E:/Clion/Cygwin/bin/make.exe" "cmTC_d3fd5/fast"
E:/Clion/Cygwin/bin/make -f CMakeFiles/cmTC_d3fd5.dir/build.make CMakeFiles/cmTC_d3fd5.dir/build
make[1]: Entering directory '/cygdrive/e/Clion/ecs/cmake-build-debug/CMakeFiles/CMakeTmp'
Building C object CMakeFiles/cmTC_d3fd5.dir/feature_tests.c.o
E:/Clion/Cygwin/bin/gcc.exe   -std=c90 -o CMakeFiles/cmTC_d3fd5.dir/feature_tests.c.o   -c /cygdrive/e/Clion/ecs/cmake-build-debug/CMakeFiles/feature_tests.c
Linking C executable cmTC_d3fd5.exe
"/cygdrive/c/Users/zhongwen XU/.CLion2017.3/system/cygwin_cmake/bin/cmake.exe" -E cmake_link_script CMakeFiles/cmTC_d3fd5.dir/link.txt --verbose=1
E:/Clion/Cygwin/bin/gcc.exe    -Wl,--enable-auto-import  CMakeFiles/cmTC_d3fd5.dir/feature_tests.c.o  -o cmTC_d3fd5.exe -Wl,--out-implib,libcmTC_d3fd5.dll.a -Wl,--major-image-version,0,--minor-image-version,0 
make[1]: Leaving directory '/cygdrive/e/Clion/ecs/cmake-build-debug/CMakeFiles/CMakeTmp'


    Feature record: C_FEATURE:1c_function_prototypes
    Feature record: C_FEATURE:0c_restrict
    Feature record: C_FEATURE:0c_static_assert
    Feature record: C_FEATURE:0c_variadic_macros
Determining if the CXX compiler works passed with the following output:
Change Dir: /cygdrive/e/Clion/ecs/cmake-build-debug/CMakeFiles/CMakeTmp

Run Build Command:"E:/Clion/Cygwin/bin/make.exe" "cmTC_8e95f/fast"
E:/Clion/Cygwin/bin/make -f CMakeFiles/cmTC_8e95f.dir/build.make CMakeFiles/cmTC_8e95f.dir/build
make[1]: Entering directory '/cygdrive/e/Clion/ecs/cmake-build-debug/CMakeFiles/CMakeTmp'
Building CXX object CMakeFiles/cmTC_8e95f.dir/testCXXCompiler.cxx.o
E:/Clion/Cygwin/bin/c++.exe     -o CMakeFiles/cmTC_8e95f.dir/testCXXCompiler.cxx.o -c /cygdrive/e/Clion/ecs/cmake-build-debug/CMakeFiles/CMakeTmp/testCXXCompiler.cxx
Linking CXX executable cmTC_8e95f.exe
"/cygdrive/c/Users/zhongwen XU/.CLion2017.3/system/cygwin_cmake/bin/cmake.exe" -E cmake_link_script CMakeFiles/cmTC_8e95f.dir/link.txt --verbose=1
E:/Clion/Cygwin/bin/c++.exe    -Wl,--enable-auto-import  CMakeFiles/cmTC_8e95f.dir/testCXXCompiler.cxx.o  -o cmTC_8e95f.exe -Wl,--out-implib,libcmTC_8e95f.dll.a -Wl,--major-image-version,0,--minor-image-version,0 
make[1]: Leaving directory '/cygdrive/e/Clion/ecs/cmake-build-debug/CMakeFiles/CMakeTmp'


Detecting CXX compiler ABI info compiled with the following output:
Change Dir: /cygdrive/e/Clion/ecs/cmake-build-debug/CMakeFiles/CMakeTmp

Run Build Command:"E:/Clion/Cygwin/bin/make.exe" "cmTC_31595/fast"
E:/Clion/Cygwin/bin/make -f CMakeFiles/cmTC_31595.dir/build.make CMakeFiles/cmTC_31595.dir/build
make[1]: Entering directory '/cygdrive/e/Clion/ecs/cmake-build-debug/CMakeFiles/CMakeTmp'
Building CXX object CMakeFiles/cmTC_31595.dir/CMakeCXXCompilerABI.cpp.o
E:/Clion/Cygwin/bin/c++.exe     -o CMakeFiles/cmTC_31595.dir/CMakeCXXCompilerABI.cpp.o -c "/cygdrive/c/Users/zhongwen XU/.CLion2017.3/system/cygwin_cmake/share/cmake-3.9.6/Modules/CMakeCXXCompilerABI.cpp"
Linking CXX executable cmTC_31595.exe
"/cygdrive/c/Users/zhongwen XU/.CLion2017.3/system/cygwin_cmake/bin/cmake.exe" -E cmake_link_script CMakeFiles/cmTC_31595.dir/link.txt --verbose=1
E:/Clion/Cygwin/bin/c++.exe    -Wl,--enable-auto-import -v CMakeFiles/cmTC_31595.dir/CMakeCXXCompilerABI.cpp.o  -o cmTC_31595.exe -Wl,--out-implib,libcmTC_31595.dll.a -Wl,--major-image-version,0,--minor-image-version,0 
Using built-in specs.
COLLECT_GCC=E:/Clion/Cygwin/bin/c++
COLLECT_LTO_WRAPPER=/usr/lib/gcc/x86_64-pc-cygwin/6.4.0/lto-wrapper.exe
Target: x86_64-pc-cygwin
Configured with: /cygdrive/i/szsz/tmpp/gcc/gcc-6.4.0-3.x86_64/src/gcc-6.4.0/configure --srcdir=/cygdrive/i/szsz/tmpp/gcc/gcc-6.4.0-3.x86_64/src/gcc-6.4.0 --prefix=/usr --exec-prefix=/usr --localstatedir=/var --sysconfdir=/etc --docdir=/usr/share/doc/gcc --htmldir=/usr/share/doc/gcc/html -C --build=x86_64-pc-cygwin --host=x86_64-pc-cygwin --target=x86_64-pc-cygwin --without-libiconv-prefix --without-libintl-prefix --libexecdir=/usr/lib --enable-shared --enable-shared-libgcc --enable-static --enable-version-specific-runtime-libs --enable-bootstrap --enable-__cxa_atexit --with-dwarf2 --with-tune=generic --enable-languages=ada,c,c++,fortran,lto,objc,obj-c++ --enable-graphite --enable-threads=posix --enable-libatomic --enable-libcilkrts --enable-libgomp --enable-libitm --enable-libquadmath --enable-libquadmath-support --enable-libssp --enable-libada --disable-symvers --with-gnu-ld --with-gnu-as --with-cloog-include=/usr/include/cloog-isl --without-libiconv-prefix --without-libintl-prefix --with-system-zlib --enable-linker-build-id --with-default-libstdcxx-abi=gcc4-compatible
Thread model: posix
gcc version 6.4.0 (GCC) 
COMPILER_PATH=/usr/lib/gcc/x86_64-pc-cygwin/6.4.0/:/usr/lib/gcc/x86_64-pc-cygwin/6.4.0/:/usr/lib/gcc/x86_64-pc-cygwin/:/usr/lib/gcc/x86_64-pc-cygwin/6.4.0/:/usr/lib/gcc/x86_64-pc-cygwin/:/usr/lib/gcc/x86_64-pc-cygwin/6.4.0/../../../../x86_64-pc-cygwin/bin/
LIBRARY_PATH=/usr/lib/gcc/x86_64-pc-cygwin/6.4.0/:/usr/lib/gcc/x86_64-pc-cygwin/6.4.0/../../../../x86_64-pc-cygwin/lib/../lib/:/usr/lib/gcc/x86_64-pc-cygwin/6.4.0/../../../../lib/:/lib/../lib/:/usr/lib/../lib/:/usr/lib/gcc/x86_64-pc-cygwin/6.4.0/../../../../x86_64-pc-cygwin/lib/:/usr/lib/gcc/x86_64-pc-cygwin/6.4.0/../../../:/lib/:/usr/lib/
COLLECT_GCC_OPTIONS='-v' '-o' 'cmTC_31595.exe' '-shared-libgcc' '-mtune=generic' '-march=x86-64'
 /usr/lib/gcc/x86_64-pc-cygwin/6.4.0/collect2.exe -plugin /usr/lib/gcc/x86_64-pc-cygwin/6.4.0/cyglto_plugin.dll -plugin-opt=/usr/lib/gcc/x86_64-pc-cygwin/6.4.0/lto-wrapper.exe -plugin-opt=-fresolution=/tmp/cc8wf23S.res -plugin-opt=-pass-through=-lgcc_s -plugin-opt=-pass-through=-lgcc -plugin-opt=-pass-through=-lcygwin -plugin-opt=-pass-through=-ladvapi32 -plugin-opt=-pass-through=-lshell32 -plugin-opt=-pass-through=-luser32 -plugin-opt=-pass-through=-lkernel32 -plugin-opt=-pass-through=-lgcc_s -plugin-opt=-pass-through=-lgcc --build-id -m i386pep --wrap _Znwm --wrap _Znam --wrap _ZdlPv --wrap _ZdaPv --wrap _ZnwmRKSt9nothrow_t --wrap _ZnamRKSt9nothrow_t --wrap _ZdlPvRKSt9nothrow_t --wrap _ZdaPvRKSt9nothrow_t -Bdynamic --dll-search-prefix=cyg --tsaware -o cmTC_31595.exe /usr/lib/gcc/x86_64-pc-cygwin/6.4.0/../../../../lib/crt0.o /usr/lib/gcc/x86_64-pc-cygwin/6.4.0/crtbegin.o -L/usr/lib/gcc/x86_64-pc-cygwin/6.4.0 -L/usr/lib/gcc/x86_64-pc-cygwin/6.4.0/../../../../x86_64-pc-cygwin/lib/../lib -L/usr/lib/gcc/x86_64-pc-cygwin/6.4.0/../../../../lib -L/lib/../lib -L/usr/lib/../lib -L/usr/lib/gcc/x86_64-pc-cygwin/6.4.0/../../../../x86_64-pc-cygwin/lib -L/usr/lib/gcc/x86_64-pc-cygwin/6.4.0/../../.. --enable-auto-import CMakeFiles/cmTC_31595.dir/CMakeCXXCompilerABI.cpp.o --out-implib libcmTC_31595.dll.a --major-image-version 0 --minor-image-version 0 -lstdc++ -lgcc_s -lgcc -lcygwin -ladvapi32 -lshell32 -luser32 -lkernel32 -lgcc_s -lgcc /usr/lib/gcc/x86_64-pc-cygwin/6.4.0/../../../../lib/default-manifest.o /usr/lib/gcc/x86_64-pc-cygwin/6.4.0/crtend.o
COLLECT_GCC_OPTIONS='-v' '-o' 'cmTC_31595.exe' '-shared-libgcc' '-mtune=generic' '-march=x86-64'
make[1]: Leaving directory '/cygdrive/e/Clion/ecs/cmake-build-debug/CMakeFiles/CMakeTmp'


Parsed CXX implicit link information from above output:
  link line regex: [^( *|.*[/\])(ld\.exe|CMAKE_LINK_STARTFILE-NOTFOUND|([^/\]+-)?ld|collect2)[^/\]*( |$)]
  ignore line: [Change Dir: /cygdrive/e/Clion/ecs/cmake-build-debug/CMakeFiles/CMakeTmp]
  ignore line: []
  ignore line: [Run Build Command:"E:/Clion/Cygwin/bin/make.exe" "cmTC_31595/fast"]
  ignore line: [E:/Clion/Cygwin/bin/make -f CMakeFiles/cmTC_31595.dir/build.make CMakeFiles/cmTC_31595.dir/build]
  ignore line: [make[1]: Entering directory '/cygdrive/e/Clion/ecs/cmake-build-debug/CMakeFiles/CMakeTmp']
  ignore line: [Building CXX object CMakeFiles/cmTC_31595.dir/CMakeCXXCompilerABI.cpp.o]
  ignore line: [E:/Clion/Cygwin/bin/c++.exe     -o CMakeFiles/cmTC_31595.dir/CMakeCXXCompilerABI.cpp.o -c "/cygdrive/c/Users/zhongwen XU/.CLion2017.3/system/cygwin_cmake/share/cmake-3.9.6/Modules/CMakeCXXCompilerABI.cpp"]
  ignore line: [Linking CXX executable cmTC_31595.exe]
  ignore line: ["/cygdrive/c/Users/zhongwen XU/.CLion2017.3/system/cygwin_cmake/bin/cmake.exe" -E cmake_link_script CMakeFiles/cmTC_31595.dir/link.txt --verbose=1]
  ignore line: [E:/Clion/Cygwin/bin/c++.exe    -Wl,--enable-auto-import -v CMakeFiles/cmTC_31595.dir/CMakeCXXCompilerABI.cpp.o  -o cmTC_31595.exe -Wl,--out-implib,libcmTC_31595.dll.a -Wl,--major-image-version,0,--minor-image-version,0 ]
  ignore line: [Using built-in specs.]
  ignore line: [COLLECT_GCC=E:/Clion/Cygwin/bin/c++]
  ignore line: [COLLECT_LTO_WRAPPER=/usr/lib/gcc/x86_64-pc-cygwin/6.4.0/lto-wrapper.exe]
  ignore line: [Target: x86_64-pc-cygwin]
  ignore line: [Configured with: /cygdrive/i/szsz/tmpp/gcc/gcc-6.4.0-3.x86_64/src/gcc-6.4.0/configure --srcdir=/cygdrive/i/szsz/tmpp/gcc/gcc-6.4.0-3.x86_64/src/gcc-6.4.0 --prefix=/usr --exec-prefix=/usr --localstatedir=/var --sysconfdir=/etc --docdir=/usr/share/doc/gcc --htmldir=/usr/share/doc/gcc/html -C --build=x86_64-pc-cygwin --host=x86_64-pc-cygwin --target=x86_64-pc-cygwin --without-libiconv-prefix --without-libintl-prefix --libexecdir=/usr/lib --enable-shared --enable-shared-libgcc --enable-static --enable-version-specific-runtime-libs --enable-bootstrap --enable-__cxa_atexit --with-dwarf2 --with-tune=generic --enable-languages=ada,c,c++,fortran,lto,objc,obj-c++ --enable-graphite --enable-threads=posix --enable-libatomic --enable-libcilkrts --enable-libgomp --enable-libitm --enable-libquadmath --enable-libquadmath-support --enable-libssp --enable-libada --disable-symvers --with-gnu-ld --with-gnu-as --with-cloog-include=/usr/include/cloog-isl --without-libiconv-prefix --without-libintl-prefix --with-system-zlib --enable-linker-build-id --with-default-libstdcxx-abi=gcc4-compatible]
  ignore line: [Thread model: posix]
  ignore line: [gcc version 6.4.0 (GCC) ]
  ignore line: [COMPILER_PATH=/usr/lib/gcc/x86_64-pc-cygwin/6.4.0/:/usr/lib/gcc/x86_64-pc-cygwin/6.4.0/:/usr/lib/gcc/x86_64-pc-cygwin/:/usr/lib/gcc/x86_64-pc-cygwin/6.4.0/:/usr/lib/gcc/x86_64-pc-cygwin/:/usr/lib/gcc/x86_64-pc-cygwin/6.4.0/../../../../x86_64-pc-cygwin/bin/]
  ignore line: [LIBRARY_PATH=/usr/lib/gcc/x86_64-pc-cygwin/6.4.0/:/usr/lib/gcc/x86_64-pc-cygwin/6.4.0/../../../../x86_64-pc-cygwin/lib/../lib/:/usr/lib/gcc/x86_64-pc-cygwin/6.4.0/../../../../lib/:/lib/../lib/:/usr/lib/../lib/:/usr/lib/gcc/x86_64-pc-cygwin/6.4.0/../../../../x86_64-pc-cygwin/lib/:/usr/lib/gcc/x86_64-pc-cygwin/6.4.0/../../../:/lib/:/usr/lib/]
  ignore line: [COLLECT_GCC_OPTIONS='-v' '-o' 'cmTC_31595.exe' '-shared-libgcc' '-mtune=generic' '-march=x86-64']
  link line: [ /usr/lib/gcc/x86_64-pc-cygwin/6.4.0/collect2.exe -plugin /usr/lib/gcc/x86_64-pc-cygwin/6.4.0/cyglto_plugin.dll -plugin-opt=/usr/lib/gcc/x86_64-pc-cygwin/6.4.0/lto-wrapper.exe -plugin-opt=-fresolution=/tmp/cc8wf23S.res -plugin-opt=-pass-through=-lgcc_s -plugin-opt=-pass-through=-lgcc -plugin-opt=-pass-through=-lcygwin -plugin-opt=-pass-through=-ladvapi32 -plugin-opt=-pass-through=-lshell32 -plugin-opt=-pass-through=-luser32 -plugin-opt=-pass-through=-lkernel32 -plugin-opt=-pass-through=-lgcc_s -plugin-opt=-pass-through=-lgcc --build-id -m i386pep --wrap _Znwm --wrap _Znam --wrap _ZdlPv --wrap _ZdaPv --wrap _ZnwmRKSt9nothrow_t --wrap _ZnamRKSt9nothrow_t --wrap _ZdlPvRKSt9nothrow_t --wrap _ZdaPvRKSt9nothrow_t -Bdynamic --dll-search-prefix=cyg --tsaware -o cmTC_31595.exe /usr/lib/gcc/x86_64-pc-cygwin/6.4.0/../../../../lib/crt0.o /usr/lib/gcc/x86_64-pc-cygwin/6.4.0/crtbegin.o -L/usr/lib/gcc/x86_64-pc-cygwin/6.4.0 -L/usr/lib/gcc/x86_64-pc-cygwin/6.4.0/../../../../x86_64-pc-cygwin/lib/../lib -L/usr/lib/gcc/x86_64-pc-cygwin/6.4.0/../../../../lib -L/lib/../lib -L/usr/lib/../lib -L/usr/lib/gcc/x86_64-pc-cygwin/6.4.0/../../../../x86_64-pc-cygwin/lib -L/usr/lib/gcc/x86_64-pc-cygwin/6.4.0/../../.. --enable-auto-import CMakeFiles/cmTC_31595.dir/CMakeCXXCompilerABI.cpp.o --out-implib libcmTC_31595.dll.a --major-image-version 0 --minor-image-version 0 -lstdc++ -lgcc_s -lgcc -lcygwin -ladvapi32 -lshell32 -luser32 -lkernel32 -lgcc_s -lgcc /usr/lib/gcc/x86_64-pc-cygwin/6.4.0/../../../../lib/default-manifest.o /usr/lib/gcc/x86_64-pc-cygwin/6.4.0/crtend.o]
    arg [/usr/lib/gcc/x86_64-pc-cygwin/6.4.0/collect2.exe] ==> ignore
    arg [-plugin] ==> ignore
    arg [/usr/lib/gcc/x86_64-pc-cygwin/6.4.0/cyglto_plugin.dll] ==> ignore
    arg [-plugin-opt=/usr/lib/gcc/x86_64-pc-cygwin/6.4.0/lto-wrapper.exe] ==> ignore
    arg [-plugin-opt=-fresolution=/tmp/cc8wf23S.res] ==> ignore
    arg [-plugin-opt=-pass-through=-lgcc_s] ==> ignore
    arg [-plugin-opt=-pass-through=-lgcc] ==> ignore
    arg [-plugin-opt=-pass-through=-lcygwin] ==> ignore
    arg [-plugin-opt=-pass-through=-ladvapi32] ==> ignore
    arg [-plugin-opt=-pass-through=-lshell32] ==> ignore
    arg [-plugin-opt=-pass-through=-luser32] ==> ignore
    arg [-plugin-opt=-pass-through=-lkernel32] ==> ignore
    arg [-plugin-opt=-pass-through=-lgcc_s] ==> ignore
    arg [-plugin-opt=-pass-through=-lgcc] ==> ignore
    arg [--build-id] ==> ignore
    arg [-m] ==> ignore
    arg [i386pep] ==> ignore
    arg [--wrap] ==> ignore
    arg [_Znwm] ==> ignore
    arg [--wrap] ==> ignore
    arg [_Znam] ==> ignore
    arg [--wrap] ==> ignore
    arg [_ZdlPv] ==> ignore
    arg [--wrap] ==> ignore
    arg [_ZdaPv] ==> ignore
    arg [--wrap] ==> ignore
    arg [_ZnwmRKSt9nothrow_t] ==> ignore
    arg [--wrap] ==> ignore
    arg [_ZnamRKSt9nothrow_t] ==> ignore
    arg [--wrap] ==> ignore
    arg [_ZdlPvRKSt9nothrow_t] ==> ignore
    arg [--wrap] ==> ignore
    arg [_ZdaPvRKSt9nothrow_t] ==> ignore
    arg [-Bdynamic] ==> ignore
    arg [--dll-search-prefix=cyg] ==> ignore
    arg [--tsaware] ==> ignore
    arg [-o] ==> ignore
    arg [cmTC_31595.exe] ==> ignore
    arg [/usr/lib/gcc/x86_64-pc-cygwin/6.4.0/../../../../lib/crt0.o] ==> ignore
    arg [/usr/lib/gcc/x86_64-pc-cygwin/6.4.0/crtbegin.o] ==> ignore
    arg [-L/usr/lib/gcc/x86_64-pc-cygwin/6.4.0] ==> dir [/usr/lib/gcc/x86_64-pc-cygwin/6.4.0]
    arg [-L/usr/lib/gcc/x86_64-pc-cygwin/6.4.0/../../../../x86_64-pc-cygwin/lib/../lib] ==> dir [/usr/lib/gcc/x86_64-pc-cygwin/6.4.0/../../../../x86_64-pc-cygwin/lib/../lib]
    arg [-L/usr/lib/gcc/x86_64-pc-cygwin/6.4.0/../../../../lib] ==> dir [/usr/lib/gcc/x86_64-pc-cygwin/6.4.0/../../../../lib]
    arg [-L/lib/../lib] ==> dir [/lib/../lib]
    arg [-L/usr/lib/../lib] ==> dir [/usr/lib/../lib]
    arg [-L/usr/lib/gcc/x86_64-pc-cygwin/6.4.0/../../../../x86_64-pc-cygwin/lib] ==> dir [/usr/lib/gcc/x86_64-pc-cygwin/6.4.0/../../../../x86_64-pc-cygwin/lib]
    arg [-L/usr/lib/gcc/x86_64-pc-cygwin/6.4.0/../../..] ==> dir [/usr/lib/gcc/x86_64-pc-cygwin/6.4.0/../../..]
    arg [--enable-auto-import] ==> ignore
    arg [CMakeFiles/cmTC_31595.dir/CMakeCXXCompilerABI.cpp.o] ==> ignore
    arg [--out-implib] ==> ignore
    arg [libcmTC_31595.dll.a] ==> ignore
    arg [--major-image-version] ==> ignore
    arg [0] ==> ignore
    arg [--minor-image-version] ==> ignore
    arg [0] ==> ignore
    arg [-lstdc++] ==> lib [stdc++]
    arg [-lgcc_s] ==> lib [gcc_s]
    arg [-lgcc] ==> lib [gcc]
    arg [-lcygwin] ==> lib [cygwin]
    arg [-ladvapi32] ==> lib [advapi32]
    arg [-lshell32] ==> lib [shell32]
    arg [-luser32] ==> lib [user32]
    arg [-lkernel32] ==> lib [kernel32]
    arg [-lgcc_s] ==> lib [gcc_s]
    arg [-lgcc] ==> lib [gcc]
    arg [/usr/lib/gcc/x86_64-pc-cygwin/6.4.0/../../../../lib/default-manifest.o] ==> ignore
    arg [/usr/lib/gcc/x86_64-pc-cygwin/6.4.0/crtend.o] ==> ignore
  collapse library dir [/usr/lib/gcc/x86_64-pc-cygwin/6.4.0] ==> [/usr/lib/gcc/x86_64-pc-cygwin/6.4.0]
  collapse library dir [/usr/lib/gcc/x86_64-pc-cygwin/6.4.0/../../../../x86_64-pc-cygwin/lib/../lib] ==> [/usr/x86_64-pc-cygwin/lib]
  collapse library dir [/usr/lib/gcc/x86_64-pc-cygwin/6.4.0/../../../../lib] ==> [/usr/lib]
  collapse library dir [/lib/../lib] ==> [/lib]
  collapse library dir [/usr/lib/../lib] ==> [/usr/lib]
  collapse library dir [/usr/lib/gcc/x86_64-pc-cygwin/6.4.0/../../../../x86_64-pc-cygwin/lib] ==> [/usr/x86_64-pc-cygwin/lib]
  collapse library dir [/usr/lib/gcc/x86_64-pc-cygwin/6.4.0/../../..] ==> [/usr/lib]
  implicit libs: [stdc++;gcc_s;gcc;cygwin;advapi32;shell32;user32;kernel32;gcc_s;gcc]
  implicit dirs: [/usr/lib/gcc/x86_64-pc-cygwin/6.4.0;/usr/x86_64-pc-cygwin/lib;/usr/lib;/lib]
  implicit fwks: []




Detecting CXX [-std=c++1z] compiler features compiled with the following output:
Change Dir: /cygdrive/e/Clion/ecs/cmake-build-debug/CMakeFiles/CMakeTmp

Run Build Command:"E:/Clion/Cygwin/bin/make.exe" "cmTC_50830/fast"
E:/Clion/Cygwin/bin/make -f CMakeFiles/cmTC_50830.dir/build.make CMakeFiles/cmTC_50830.dir/build
make[1]: Entering directory '/cygdrive/e/Clion/ecs/cmake-build-debug/CMakeFiles/CMakeTmp'
Building CXX object CMakeFiles/cmTC_50830.dir/feature_tests.cxx.o
E:/Clion/Cygwin/bin/c++.exe    -std=c++1z -o CMakeFiles/cmTC_50830.dir/feature_tests.cxx.o -c /cygdrive/e/Clion/ecs/cmake-build-debug/CMakeFiles/feature_tests.cxx
Linking CXX executable cmTC_50830.exe
"/cygdrive/c/Users/zhongwen XU/.CLion2017.3/system/cygwin_cmake/bin/cmake.exe" -E cmake_link_script CMakeFiles/cmTC_50830.dir/link.txt --verbose=1
E:/Clion/Cygwin/bin/c++.exe    -Wl,--enable-auto-import  CMakeFiles/cmTC_50830.dir/feature_tests.cxx.o  -o cmTC_50830.exe -Wl,--out-implib,libcmTC_50830.dll.a -Wl,--major-image-version,0,--minor-image-version,0 
make[1]: Leaving directory '/cygdrive/e/Clion/ecs/cmake-build-debug/CMakeFiles/CMakeTmp'


    Feature record: CXX_FEATURE:1cxx_aggregate_default_initializers
    Feature record: CXX_FEATURE:1cxx_alias_templates
    Feature record: CXX_FEATURE:1cxx_alignas
    Feature record: CXX_FEATURE:1cxx_alignof
    Feature record: CXX_FEATURE:1cxx_attributes
    Feature record: CXX_FEATURE:1cxx_attribute_deprecated
    Feature record: CXX_FEATURE:1cxx_auto_type
    Feature record: CXX_FEATURE:1cxx_binary_literals
    Feature record: CXX_FEATURE:1cxx_constexpr
    Feature record: CXX_FEATURE:1cxx_contextual_conversions
    Feature record: CXX_FEATURE:1cxx_decltype
    Feature record: CXX_FEATURE:1cxx_decltype_auto
    Feature record: CXX_FEATURE:1cxx_decltype_incomplete_return_types
    Feature record: CXX_FEATURE:1cxx_default_function_template_args
    Feature record: CXX_FEATURE:1cxx_defaulted_functions
    Feature record: CXX_FEATURE:1cxx_defaulted_move_initializers
    Feature record: CXX_FEATURE:1cxx_delegating_constructors
    Feature record: CXX_FEATURE:1cxx_deleted_functions
    Feature record: CXX_FEATURE:1cxx_digit_separators
    Feature record: CXX_FEATURE:1cxx_enum_forward_declarations
    Feature record: CXX_FEATURE:1cxx_explicit_conversions
    Feature record: CXX_FEATURE:1cxx_extended_friend_declarations
    Feature record: CXX_FEATURE:1cxx_extern_templates
    Feature record: CXX_FEATURE:1cxx_final
    Feature record: CXX_FEATURE:1cxx_func_identifier
    Feature record: CXX_FEATURE:1cxx_generalized_initializers
    Feature record: CXX_FEATURE:1cxx_generic_lambdas
    Feature record: CXX_FEATURE:1cxx_inheriting_constructors
    Feature record: CXX_FEATURE:1cxx_inline_namespaces
    Feature record: CXX_FEATURE:1cxx_lambdas
    Feature record: CXX_FEATURE:1cxx_lambda_init_captures
    Feature record: CXX_FEATURE:1cxx_local_type_template_args
    Feature record: CXX_FEATURE:1cxx_long_long_type
    Feature record: CXX_FEATURE:1cxx_noexcept
    Feature record: CXX_FEATURE:1cxx_nonstatic_member_init
    Feature record: CXX_FEATURE:1cxx_nullptr
    Feature record: CXX_FEATURE:1cxx_override
    Feature record: CXX_FEATURE:1cxx_range_for
    Feature record: CXX_FEATURE:1cxx_raw_string_literals
    Feature record: CXX_FEATURE:1cxx_reference_qualified_functions
    Feature record: CXX_FEATURE:1cxx_relaxed_constexpr
    Feature record: CXX_FEATURE:1cxx_return_type_deduction
    Feature record: CXX_FEATURE:1cxx_right_angle_brackets
    Feature record: CXX_FEATURE:1cxx_rvalue_references
    Feature record: CXX_FEATURE:1cxx_sizeof_member
    Feature record: CXX_FEATURE:1cxx_static_assert
    Feature record: CXX_FEATURE:1cxx_strong_enums
    Feature record: CXX_FEATURE:1cxx_template_template_parameters
    Feature record: CXX_FEATURE:1cxx_thread_local
    Feature record: CXX_FEATURE:1cxx_trailing_return_types
    Feature record: CXX_FEATURE:1cxx_unicode_literals
    Feature record: CXX_FEATURE:1cxx_uniform_initialization
    Feature record: CXX_FEATURE:1cxx_unrestricted_unions
    Feature record: CXX_FEATURE:1cxx_user_literals
    Feature record: CXX_FEATURE:1cxx_variable_templates
    Feature record: CXX_FEATURE:1cxx_variadic_macros
    Feature record: CXX_FEATURE:1cxx_variadic_templates


Detecting CXX [-std=c++14] compiler features compiled with the following output:
Change Dir: /cygdrive/e/Clion/ecs/cmake-build-debug/CMakeFiles/CMakeTmp

Run Build Command:"E:/Clion/Cygwin/bin/make.exe" "cmTC_fedf9/fast"
E:/Clion/Cygwin/bin/make -f CMakeFiles/cmTC_fedf9.dir/build.make CMakeFiles/cmTC_fedf9.dir/build
make[1]: Entering directory '/cygdrive/e/Clion/ecs/cmake-build-debug/CMakeFiles/CMakeTmp'
Building CXX object CMakeFiles/cmTC_fedf9.dir/feature_tests.cxx.o
E:/Clion/Cygwin/bin/c++.exe    -std=c++14 -o CMakeFiles/cmTC_fedf9.dir/feature_tests.cxx.o -c /cygdrive/e/Clion/ecs/cmake-build-debug/CMakeFiles/feature_tests.cxx
Linking CXX executable cmTC_fedf9.exe
"/cygdrive/c/Users/zhongwen XU/.CLion2017.3/system/cygwin_cmake/bin/cmake.exe" -E cmake_link_script CMakeFiles/cmTC_fedf9.dir/link.txt --verbose=1
E:/Clion/Cygwin/bin/c++.exe    -Wl,--enable-auto-import  CMakeFiles/cmTC_fedf9.dir/feature_tests.cxx.o  -o cmTC_fedf9.exe -Wl,--out-implib,libcmTC_fedf9.dll.a -Wl,--major-image-version,0,--minor-image-version,0 
make[1]: Leaving directory '/cygdrive/e/Clion/ecs/cmake-build-debug/CMakeFiles/CMakeTmp'


    Feature record: CXX_FEATURE:1cxx_aggregate_default_initializers
    Feature record: CXX_FEATURE:1cxx_alias_templates
    Feature record: CXX_FEATURE:1cxx_alignas
    Feature record: CXX_FEATURE:1cxx_alignof
    Feature record: CXX_FEATURE:1cxx_attributes
    Feature record: CXX_FEATURE:1cxx_attribute_deprecated
    Feature record: CXX_FEATURE:1cxx_auto_type
    Feature record: CXX_FEATURE:1cxx_binary_literals
    Feature record: CXX_FEATURE:1cxx_constexpr
    Feature record: CXX_FEATURE:1cxx_contextual_conversions
    Feature record: CXX_FEATURE:1cxx_decltype
    Feature record: CXX_FEATURE:1cxx_decltype_auto
    Feature record: CXX_FEATURE:1cxx_decltype_incomplete_return_types
    Feature record: CXX_FEATURE:1cxx_default_function_template_args
    Feature record: CXX_FEATURE:1cxx_defaulted_functions
    Feature record: CXX_FEATURE:1cxx_defaulted_move_initializers
    Feature record: CXX_FEATURE:1cxx_delegating_constructors
    Feature record: CXX_FEATURE:1cxx_deleted_functions
    Feature record: CXX_FEATURE:1cxx_digit_separators
    Feature record: CXX_FEATURE:1cxx_enum_forward_declarations
    Feature record: CXX_FEATURE:1cxx_explicit_conversions
    Feature record: CXX_FEATURE:1cxx_extended_friend_declarations
    Feature record: CXX_FEATURE:1cxx_extern_templates
    Feature record: CXX_FEATURE:1cxx_final
    Feature record: CXX_FEATURE:1cxx_func_identifier
    Feature record: CXX_FEATURE:1cxx_generalized_initializers
    Feature record: CXX_FEATURE:1cxx_generic_lambdas
    Feature record: CXX_FEATURE:1cxx_inheriting_constructors
    Feature record: CXX_FEATURE:1cxx_inline_namespaces
    Feature record: CXX_FEATURE:1cxx_lambdas
    Feature record: CXX_FEATURE:1cxx_lambda_init_captures
    Feature record: CXX_FEATURE:1cxx_local_type_template_args
    Feature record: CXX_FEATURE:1cxx_long_long_type
    Feature record: CXX_FEATURE:1cxx_noexcept
    Feature record: CXX_FEATURE:1cxx_nonstatic_member_init
    Feature record: CXX_FEATURE:1cxx_nullptr
    Feature record: CXX_FEATURE:1cxx_override
    Feature record: CXX_FEATURE:1cxx_range_for
    Feature record: CXX_FEATURE:1cxx_raw_string_literals
    Feature record: CXX_FEATURE:1cxx_reference_qualified_functions
    Feature record: CXX_FEATURE:1cxx_relaxed_constexpr
    Feature record: CXX_FEATURE:1cxx_return_type_deduction
    Feature record: CXX_FEATURE:1cxx_right_angle_brackets
    Feature record: CXX_FEATURE:1cxx_rvalue_references
    Feature record: CXX_FEATURE:1cxx_sizeof_member
    Feature record: CXX_FEATURE:1cxx_static_assert
    Feature record: CXX_FEATURE:1cxx_strong_enums
    Feature record: CXX_FEATURE:1cxx_template_template_parameters
    Feature record: CXX_FEATURE:1cxx_thread_local
    Feature record: CXX_FEATURE:1cxx_trailing_return_types
    Feature record: CXX_FEATURE:1cxx_unicode_literals
    Feature record: CXX_FEATURE:1cxx_uniform_initialization
    Feature record: CXX_FEATURE:1cxx_unrestricted_unions
    Feature record: CXX_FEATURE:1cxx_user_literals
    Feature record: CXX_FEATURE:1cxx_variable_templates
    Feature record: CXX_FEATURE:1cxx_variadic_macros
    Feature record: CXX_FEATURE:1cxx_variadic_templates


Detecting CXX [-std=c++11] compiler features compiled with the following output:
Change Dir: /cygdrive/e/Clion/ecs/cmake-build-debug/CMakeFiles/CMakeTmp

Run Build Command:"E:/Clion/Cygwin/bin/make.exe" "cmTC_6b12b/fast"
E:/Clion/Cygwin/bin/make -f CMakeFiles/cmTC_6b12b.dir/build.make CMakeFiles/cmTC_6b12b.dir/build
make[1]: Entering directory '/cygdrive/e/Clion/ecs/cmake-build-debug/CMakeFiles/CMakeTmp'
Building CXX object CMakeFiles/cmTC_6b12b.dir/feature_tests.cxx.o
E:/Clion/Cygwin/bin/c++.exe    -std=c++11 -o CMakeFiles/cmTC_6b12b.dir/feature_tests.cxx.o -c /cygdrive/e/Clion/ecs/cmake-build-debug/CMakeFiles/feature_tests.cxx
Linking CXX executable cmTC_6b12b.exe
"/cygdrive/c/Users/zhongwen XU/.CLion2017.3/system/cygwin_cmake/bin/cmake.exe" -E cmake_link_script CMakeFiles/cmTC_6b12b.dir/link.txt --verbose=1
E:/Clion/Cygwin/bin/c++.exe    -Wl,--enable-auto-import  CMakeFiles/cmTC_6b12b.dir/feature_tests.cxx.o  -o cmTC_6b12b.exe -Wl,--out-implib,libcmTC_6b12b.dll.a -Wl,--major-image-version,0,--minor-image-version,0 
make[1]: Leaving directory '/cygdrive/e/Clion/ecs/cmake-build-debug/CMakeFiles/CMakeTmp'


    Feature record: CXX_FEATURE:0cxx_aggregate_default_initializers
    Feature record: CXX_FEATURE:1cxx_alias_templates
    Feature record: CXX_FEATURE:1cxx_alignas
    Feature record: CXX_FEATURE:1cxx_alignof
    Feature record: CXX_FEATURE:1cxx_attributes
    Feature record: CXX_FEATURE:0cxx_attribute_deprecated
    Feature record: CXX_FEATURE:1cxx_auto_type
    Feature record: CXX_FEATURE:0cxx_binary_literals
    Feature record: CXX_FEATURE:1cxx_constexpr
    Feature record: CXX_FEATURE:0cxx_contextual_conversions
    Feature record: CXX_FEATURE:1cxx_decltype
    Feature record: CXX_FEATURE:0cxx_decltype_auto
    Feature record: CXX_FEATURE:1cxx_decltype_incomplete_return_types
    Feature record: CXX_FEATURE:1cxx_default_function_template_args
    Feature record: CXX_FEATURE:1cxx_defaulted_functions
    Feature record: CXX_FEATURE:1cxx_defaulted_move_initializers
    Feature record: CXX_FEATURE:1cxx_delegating_constructors
    Feature record: CXX_FEATURE:1cxx_deleted_functions
    Feature record: CXX_FEATURE:0cxx_digit_separators
    Feature record: CXX_FEATURE:1cxx_enum_forward_declarations
    Feature record: CXX_FEATURE:1cxx_explicit_conversions
    Feature record: CXX_FEATURE:1cxx_extended_friend_declarations
    Feature record: CXX_FEATURE:1cxx_extern_templates
    Feature record: CXX_FEATURE:1cxx_final
    Feature record: CXX_FEATURE:1cxx_func_identifier
    Feature record: CXX_FEATURE:1cxx_generalized_initializers
    Feature record: CXX_FEATURE:0cxx_generic_lambdas
    Feature record: CXX_FEATURE:1cxx_inheriting_constructors
    Feature record: CXX_FEATURE:1cxx_inline_namespaces
    Feature record: CXX_FEATURE:1cxx_lambdas
    Feature record: CXX_FEATURE:0cxx_lambda_init_captures
    Feature record: CXX_FEATURE:1cxx_local_type_template_args
    Feature record: CXX_FEATURE:1cxx_long_long_type
    Feature record: CXX_FEATURE:1cxx_noexcept
    Feature record: CXX_FEATURE:1cxx_nonstatic_member_init
    Feature record: CXX_FEATURE:1cxx_nullptr
    Feature record: CXX_FEATURE:1cxx_override
    Feature record: CXX_FEATURE:1cxx_range_for
    Feature record: CXX_FEATURE:1cxx_raw_string_literals
    Feature record: CXX_FEATURE:1cxx_reference_qualified_functions
    Feature record: CXX_FEATURE:0cxx_relaxed_constexpr
    Feature record: CXX_FEATURE:0cxx_return_type_deduction
    Feature record: CXX_FEATURE:1cxx_right_angle_brackets
    Feature record: CXX_FEATURE:1cxx_rvalue_references
    Feature record: CXX_FEATURE:1cxx_sizeof_member
    Feature record: CXX_FEATURE:1cxx_static_assert
    Feature record: CXX_FEATURE:1cxx_strong_enums
    Feature record: CXX_FEATURE:1cxx_template_template_parameters
    Feature record: CXX_FEATURE:1cxx_thread_local
    Feature record: CXX_FEATURE:1cxx_trailing_return_types
    Feature record: CXX_FEATURE:1cxx_unicode_literals
    Feature record: CXX_FEATURE:1cxx_uniform_initialization
    Feature record: CXX_FEATURE:1cxx_unrestricted_unions
    Feature record: CXX_FEATURE:1cxx_user_literals
    Feature record: CXX_FEATURE:0cxx_variable_templates
    Feature record: CXX_FEATURE:1cxx_variadic_macros
    Feature record: CXX_FEATURE:1cxx_variadic_templates


Detecting CXX [-std=c++98] compiler features compiled with the following output:
Change Dir: /cygdrive/e/Clion/ecs/cmake-build-debug/CMakeFiles/CMakeTmp

Run Build Command:"E:/Clion/Cygwin/bin/make.exe" "cmTC_54ec2/fast"
E:/Clion/Cygwin/bin/make -f CMakeFiles/cmTC_54ec2.dir/build.make CMakeFiles/cmTC_54ec2.dir/build
make[1]: Entering directory '/cygdrive/e/Clion/ecs/cmake-build-debug/CMakeFiles/CMakeTmp'
Building CXX object CMakeFiles/cmTC_54ec2.dir/feature_tests.cxx.o
E:/Clion/Cygwin/bin/c++.exe    -std=c++98 -o CMakeFiles/cmTC_54ec2.dir/feature_tests.cxx.o -c /cygdrive/e/Clion/ecs/cmake-build-debug/CMakeFiles/feature_tests.cxx
Linking CXX executable cmTC_54ec2.exe
"/cygdrive/c/Users/zhongwen XU/.CLion2017.3/system/cygwin_cmake/bin/cmake.exe" -E cmake_link_script CMakeFiles/cmTC_54ec2.dir/link.txt --verbose=1
E:/Clion/Cygwin/bin/c++.exe    -Wl,--enable-auto-import  CMakeFiles/cmTC_54ec2.dir/feature_tests.cxx.o  -o cmTC_54ec2.exe -Wl,--out-implib,libcmTC_54ec2.dll.a -Wl,--major-image-version,0,--minor-image-version,0 
make[1]: Leaving directory '/cygdrive/e/Clion/ecs/cmake-build-debug/CMakeFiles/CMakeTmp'


    Feature record: CXX_FEATURE:0cxx_aggregate_default_initializers
    Feature record: CXX_FEATURE:0cxx_alias_templates
    Feature record: CXX_FEATURE:0cxx_alignas
    Feature record: CXX_FEATURE:0cxx_alignof
    Feature record: CXX_FEATURE:0cxx_attributes
    Feature record: CXX_FEATURE:0cxx_attribute_deprecated
    Feature record: CXX_FEATURE:0cxx_auto_type
    Feature record: CXX_FEATURE:0cxx_binary_literals
    Feature record: CXX_FEATURE:0cxx_constexpr
    Feature record: CXX_FEATURE:0cxx_contextual_conversions
    Feature record: CXX_FEATURE:0cxx_decltype
    Feature record: CXX_FEATURE:0cxx_decltype_auto
    Feature record: CXX_FEATURE:0cxx_decltype_incomplete_return_types
    Feature record: CXX_FEATURE:0cxx_default_function_template_args
    Feature record: CXX_FEATURE:0cxx_defaulted_functions
    Feature record: CXX_FEATURE:0cxx_defaulted_move_initializers
    Feature record: CXX_FEATURE:0cxx_delegating_constructors
    Feature record: CXX_FEATURE:0cxx_deleted_functions
    Feature record: CXX_FEATURE:0cxx_digit_separators
    Feature record: CXX_FEATURE:0cxx_enum_forward_declarations
    Feature record: CXX_FEATURE:0cxx_explicit_conversions
    Feature record: CXX_FEATURE:0cxx_extended_friend_declarations
    Feature record: CXX_FEATURE:0cxx_extern_templates
    Feature record: CXX_FEATURE:0cxx_final
    Feature record: CXX_FEATURE:0cxx_func_identifier
    Feature record: CXX_FEATURE:0cxx_generalized_initializers
    Feature record: CXX_FEATURE:0cxx_generic_lambdas
    Feature record: CXX_FEATURE:0cxx_inheriting_constructors
    Feature record: CXX_FEATURE:0cxx_inline_namespaces
    Feature record: CXX_FEATURE:0cxx_lambdas
    Feature record: CXX_FEATURE:0cxx_lambda_init_captures
    Feature record: CXX_FEATURE:0cxx_local_type_template_args
    Feature record: CXX_FEATURE:0cxx_long_long_type
    Feature record: CXX_FEATURE:0cxx_noexcept
    Feature record: CXX_FEATURE:0cxx_nonstatic_member_init
    Feature record: CXX_FEATURE:0cxx_nullptr
    Feature record: CXX_FEATURE:0cxx_override
    Feature record: CXX_FEATURE:0cxx_range_for
    Feature record: CXX_FEATURE:0cxx_raw_string_literals
    Feature record: CXX_FEATURE:0cxx_reference_qualified_functions
    Feature record: CXX_FEATURE:0cxx_relaxed_constexpr
    Feature record: CXX_FEATURE:0cxx_return_type_deduction
    Feature record: CXX_FEATURE:0cxx_right_angle_brackets
    Feature record: CXX_FEATURE:0cxx_rvalue_references
    Feature record: CXX_FEATURE:0cxx_sizeof_member
    Feature record: CXX_FEATURE:0cxx_static_assert
    Feature record: CXX_FEATURE:0cxx_strong_enums
    Feature record: CXX_FEATURE:1cxx_template_template_parameters
    Feature record: CXX_FEATURE:0cxx_thread_local
    Feature record: CXX_FEATURE:0cxx_trailing_return_types
    Feature record: CXX_FEATURE:0cxx_unicode_literals
    Feature record: CXX_FEATURE:0cxx_uniform_initialization
    Feature record: CXX_FEATURE:0cxx_unrestricted_unions
    Feature record: CXX_FEATURE:0cxx_user_literals
    Feature record: CXX_FEATURE:0cxx_variable_templates
    Feature record: CXX_FEATURE:0cxx_variadic_macros
    Feature record: CXX_FEATURE:0cxx_variadic_templates
